-rwxrwxr-x 1 drspeech real 3055212 Feb  9 21:45 HVC006045.htk
-rwxrwxr-x 1 drspeech real 1512012 Feb  9 21:45 HVC006184.htk
-rwxrwxr-x 1 drspeech real 2919612 Apr 20  2011 HVC011409.htk
-rwxrwxr-x 1 drspeech real  362412 Feb  9 21:45 HVC022974.htk
-rwxrwxr-x 1 drspeech real 1380492 Feb  9 21:45 HVC026971.htk
-rwxrwxr-x 1 drspeech real 1363692 Feb  9 21:45 HVC027850.htk
-rwxrwxr-x 1 drspeech real 3091212 Feb  9 21:45 HVC029485.htk
-rwxrwxr-x 1 drspeech real  377292 Feb  9 21:45 HVC031151.htk
-rwxrwxr-x 1 drspeech real  961932 Feb  9 21:45 HVC032158.htk
-rwxrwxr-x 1 drspeech real 2232492 Feb  9 21:45 HVC036790.htk
-rwxrwxr-x 1 drspeech real  992652 Feb  9 21:45 HVC040785.htk
-rwxrwxr-x 1 drspeech real  886812 Feb  9 21:45 HVC042692.htk
-rwxrwxr-x 1 drspeech real  715692 Feb  9 21:45 HVC049437.htk
-rwxrwxr-x 1 drspeech real 1074972 Feb  9 21:45 HVC064215.htk
-rwxrwxr-x 1 drspeech real 1325772 Feb  9 21:45 HVC067270.htk
-rwxrwxr-x 1 drspeech real 2652252 Feb  9 21:45 HVC068504.htk
-rwxrwxr-x 1 drspeech real  666492 Feb  9 21:45 HVC087057.htk
-rwxrwxr-x 1 drspeech real  113772 Feb  9 21:45 HVC090414.htk
-rwxrwxr-x 1 drspeech real 3990732 Feb  9 21:45 HVC091740.htk
-rwxrwxr-x 1 drspeech real 1104732 Feb  9 21:45 HVC095303.htk
-rwxrwxr-x 1 drspeech real  260892 Apr 20  2011 HVC098807.htk
-rwxrwxr-x 1 drspeech real 1077852 Feb  9 21:45 HVC103302.htk
-rwxrwxr-x 1 drspeech real  746172 Feb  9 21:45 HVC103932.htk
-rwxrwxr-x 1 drspeech real 3637932 Feb  9 21:45 HVC105766.htk
-rwxrwxr-x 1 drspeech real  744012 Feb  9 21:45 HVC108320.htk
-rwxrwxr-x 1 drspeech real  528492 Feb  9 21:45 HVC109456.htk
-rwxrwxr-x 1 drspeech real 4651692 Feb  9 21:45 HVC123288.htk
-rwxrwxr-x 1 drspeech real 3273612 Feb  9 21:45 HVC134406.htk
-rwxrwxr-x 1 drspeech real 1635612 Feb  9 21:45 HVC134634.htk
-rwxrwxr-x 1 drspeech real 4916892 Feb  9 21:45 HVC146032.htk
-rwxrwxr-x 1 drspeech real 1647852 Feb  9 21:45 HVC148793.htk
-rwxrwxr-x 1 drspeech real 1763772 Feb  9 21:45 HVC152448.htk
-rwxrwxr-x 1 drspeech real  254172 Feb  9 21:45 HVC169936.htk
-rwxrwxr-x 1 drspeech real  174012 Feb  9 21:45 HVC174999.htk
-rwxrwxr-x 1 drspeech real 2806092 Feb  9 21:45 HVC198184.htk
-rwxrwxr-x 1 drspeech real 1343052 Feb  9 21:45 HVC201655.htk
-rwxrwxr-x 1 drspeech real 1068492 Feb  9 21:45 HVC203988.htk
-rwxrwxr-x 1 drspeech real 6078972 Feb  9 21:45 HVC218344.htk
-rwxrwxr-x 1 drspeech real 2066412 Feb  9 21:45 HVC218765.htk
-rwxrwxr-x 1 drspeech real  778572 Feb  9 21:45 HVC240490.htk
-rwxrwxr-x 1 drspeech real 2711292 Feb  9 21:45 HVC243157.htk
-rwxrwxr-x 1 drspeech real  484812 Feb  9 21:45 HVC255452.htk
-rwxrwxr-x 1 drspeech real 1646172 Feb  9 21:45 HVC257987.htk
-rwxrwxr-x 1 drspeech real 3334812 Feb  9 21:45 HVC259599.htk
-rwxrwxr-x 1 drspeech real  205212 Feb  9 21:45 HVC263724.htk
-rwxrwxr-x 1 drspeech real  483132 Feb  9 21:45 HVC268521.htk
-rwxrwxr-x 1 drspeech real 2245452 Feb  9 21:45 HVC271903.htk
-rwxrwxr-x 1 drspeech real   36972 Feb  9 21:45 HVC283780.htk
-rwxrwxr-x 1 drspeech real  172332 Feb  9 21:45 HVC292292.htk
-rwxrwxr-x 1 drspeech real 2543052 Feb  9 21:45 HVC293678.htk
-rwxrwxr-x 1 drspeech real 1465692 Feb  9 21:45 HVC298568.htk
-rwxrwxr-x 1 drspeech real  654972 Feb  9 21:45 HVC309504.htk
-rwxrwxr-x 1 drspeech real  501132 Feb  9 21:45 HVC317804.htk
-rwxrwxr-x 1 drspeech real 3310332 Feb  9 21:45 HVC319297.htk
-rwxrwxr-x 1 drspeech real 7675932 Feb  9 21:45 HVC319600.htk
-rwxrwxr-x 1 drspeech real 2301612 Feb  9 21:45 HVC320560.htk
-rwxrwxr-x 1 drspeech real  327132 Feb  9 21:45 HVC334254.htk
-rwxrwxr-x 1 drspeech real 2840652 Feb  9 21:45 HVC359216.htk
-rwxrwxr-x 1 drspeech real 4862412 Feb  9 21:45 HVC362146.htk
-rwxrwxr-x 1 drspeech real 2268732 Feb  9 21:45 HVC364230.htk
-rwxrwxr-x 1 drspeech real  679452 Feb  9 21:45 HVC365963.htk
-rwxrwxr-x 1 drspeech real 1026492 Feb  9 21:45 HVC377296.htk
-rwxrwxr-x 1 drspeech real 1552572 Feb  9 21:45 HVC396658.htk
-rwxrwxr-x 1 drspeech real 3111372 Feb  9 21:45 HVC397279.htk
-rwxrwxr-x 1 drspeech real  321132 Feb  9 21:45 HVC398674.htk
-rwxrwxr-x 1 drspeech real  524412 Feb  9 21:45 HVC402970.htk
-rwxrwxr-x 1 drspeech real 2697852 Feb  9 21:45 HVC403628.htk
-rwxrwxr-x 1 drspeech real  118812 Feb  9 21:45 HVC417926.htk
-rwxrwxr-x 1 drspeech real 2609772 Feb  9 21:45 HVC418407.htk
-rwxrwxr-x 1 drspeech real   86412 Feb  9 21:45 HVC425927.htk
-rwxrwxr-x 1 drspeech real 1024812 Feb  9 21:45 HVC429818.htk
-rwxrwxr-x 1 drspeech real  454812 Feb  9 21:45 HVC434449.htk
-rwxrwxr-x 1 drspeech real 2131212 Feb  9 21:45 HVC450989.htk
-rwxrwxr-x 1 drspeech real 1245132 Feb  9 21:45 HVC460343.htk
-rwxrwxr-x 1 drspeech real 2142732 Feb  9 21:45 HVC462262.htk
-rwxrwxr-x 1 drspeech real 2163372 Feb  9 21:45 HVC462508.htk
-rwxrwxr-x 1 drspeech real  490572 Feb  9 21:45 HVC463620.htk
-rwxrwxr-x 1 drspeech real  658332 Feb  9 21:45 HVC467645.htk
-rwxrwxr-x 1 drspeech real 1036092 Feb  9 21:45 HVC468477.htk
-rwxrwxr-x 1 drspeech real 4298892 Feb  9 21:45 HVC473973.htk
-rwxrwxr-x 1 drspeech real  104892 Feb  9 21:45 HVC479361.htk
-rwxrwxr-x 1 drspeech real 1464012 Feb  9 21:45 HVC486704.htk
-rwxrwxr-x 1 drspeech real 2307852 Feb  9 21:45 HVC498099.htk
-rwxrwxr-x 1 drspeech real  181692 Feb  9 21:45 HVC499900.htk
-rwxrwxr-x 1 drspeech real  214572 Feb  9 21:45 HVC506183.htk
-rwxrwxr-x 1 drspeech real 3780012 Feb  9 21:45 HVC507955.htk
-rwxrwxr-x 1 drspeech real 1192572 Feb  9 21:45 HVC513054.htk
-rwxrwxr-x 1 drspeech real 3470892 Feb  9 21:45 HVC515040.htk
-rwxrwxr-x 1 drspeech real 4742652 Feb  9 21:45 HVC516366.htk
-rwxrwxr-x 1 drspeech real  289212 Feb  9 21:45 HVC520461.htk
-rwxrwxr-x 1 drspeech real  265932 Feb  9 21:45 HVC528762.htk
-rwxrwxr-x 1 drspeech real 2282172 Feb  9 21:45 HVC528929.htk
-rwxrwxr-x 1 drspeech real 5124252 Feb  9 21:45 HVC529613.htk
-rwxrwxr-x 1 drspeech real 4879692 Feb  9 21:45 HVC532992.htk
-rwxrwxr-x 1 drspeech real  357852 Feb  9 21:45 HVC532993.htk
-rwxrwxr-x 1 drspeech real 1234572 Feb  9 21:45 HVC539647.htk
-rwxrwxr-x 1 drspeech real 4177932 Feb  9 21:45 HVC541506.htk
-rwxrwxr-x 1 drspeech real 3729852 Feb  9 21:45 HVC542481.htk
-rwxrwxr-x 1 drspeech real  876732 Feb  9 21:45 HVC549861.htk
-rwxrwxr-x 1 drspeech real  166092 Feb  9 21:45 HVC553302.htk
-rwxrwxr-x 1 drspeech real 4268892 Feb  9 21:45 HVC561733.htk
-rwxrwxr-x 1 drspeech real 1941612 Feb  9 21:45 HVC562777.htk
-rwxrwxr-x 1 drspeech real  176652 Feb  9 21:45 HVC570651.htk
-rwxrwxr-x 1 drspeech real 1285692 Feb  9 21:45 HVC573643.htk
-rwxrwxr-x 1 drspeech real 6214812 Feb  9 21:45 HVC579741.htk
-rwxrwxr-x 1 drspeech real  106092 Feb  9 21:45 HVC591147.htk
-rwxrwxr-x 1 drspeech real 1086252 Feb  9 21:45 HVC597104.htk
-rwxrwxr-x 1 drspeech real  437532 Feb  9 21:45 HVC602688.htk
-rwxrwxr-x 1 drspeech real 1446732 Feb  9 21:45 HVC605240.htk
-rwxrwxr-x 1 drspeech real 2500572 Feb  9 21:45 HVC606315.htk
-rwxrwxr-x 1 drspeech real   94812 Feb  9 21:45 HVC615626.htk
-rwxrwxr-x 1 drspeech real 3474732 Feb  9 21:45 HVC616948.htk
-rwxrwxr-x 1 drspeech real 2273292 Feb  9 21:45 HVC620320.htk
-rwxrwxr-x 1 drspeech real  849372 Feb  9 21:45 HVC631691.htk
-rwxrwxr-x 1 drspeech real  276012 Feb  9 21:45 HVC637907.htk
-rwxrwxr-x 1 drspeech real 3610812 Feb  9 21:45 HVC646345.htk
-rwxrwxr-x 1 drspeech real 3992412 Feb  9 21:45 HVC652043.htk
-rwxrwxr-x 1 drspeech real  501132 Feb  9 21:45 HVC658517.htk
-rwxrwxr-x 1 drspeech real  733932 Feb  9 21:45 HVC672564.htk
-rwxrwxr-x 1 drspeech real 1221612 Feb  9 21:45 HVC676565.htk
-rwxrwxr-x 1 drspeech real 1477932 Feb  9 21:45 HVC680956.htk
-rwxrwxr-x 1 drspeech real 1646892 Feb  9 21:45 HVC681821.htk
-rwxrwxr-x 1 drspeech real 1684812 Feb  9 21:45 HVC682794.htk
-rwxrwxr-x 1 drspeech real 1413372 Feb  9 21:45 HVC683835.htk
-rwxrwxr-x 1 drspeech real 1091772 Feb  9 21:45 HVC687278.htk
-rwxrwxr-x 1 drspeech real 1560012 Feb  9 21:45 HVC690639.htk
-rwxrwxr-x 1 drspeech real 3585132 Feb  9 21:45 HVC699748.htk
-rwxrwxr-x 1 drspeech real   96492 Feb  9 21:45 HVC705168.htk
-rwxrwxr-x 1 drspeech real  906732 Feb  9 21:45 HVC707236.htk
-rwxrwxr-x 1 drspeech real 3803052 Feb  9 21:45 HVC711253.htk
-rwxrwxr-x 1 drspeech real 4035852 Feb  9 21:45 HVC717615.htk
-rwxrwxr-x 1 drspeech real 2556252 Feb  9 21:45 HVC718274.htk
-rwxrwxr-x 1 drspeech real  171132 Feb  9 21:45 HVC719228.htk
-rwxrwxr-x 1 drspeech real  186252 Feb  9 21:45 HVC726373.htk
-rwxrwxr-x 1 drspeech real 2133372 Feb  9 21:45 HVC730049.htk
-rwxrwxr-x 1 drspeech real  533292 Feb  9 21:45 HVC730081.htk
-rwxrwxr-x 1 drspeech real 1759452 Feb  9 21:45 HVC733376.htk
-rwxrwxr-x 1 drspeech real  861132 Feb  9 21:45 HVC742499.htk
-rwxrwxr-x 1 drspeech real 1298652 Feb  9 21:45 HVC749106.htk
-rwxrwxr-x 1 drspeech real 1596252 Feb  9 21:45 HVC766498.htk
-rwxrwxr-x 1 drspeech real  348972 Feb  9 21:45 HVC776608.htk
-rwxrwxr-x 1 drspeech real  137772 Feb  9 21:45 HVC786536.htk
-rwxrwxr-x 1 drspeech real  131532 Feb  9 21:45 HVC788532.htk
-rwxrwxr-x 1 drspeech real 2670492 Feb  9 21:45 HVC789034.htk
-rwxrwxr-x 1 drspeech real 3630732 Feb  9 21:45 HVC792251.htk
-rwxrwxr-x 1 drspeech real  134892 Feb  9 21:45 HVC803719.htk
-rwxrwxr-x 1 drspeech real  112092 Feb  9 21:45 HVC811971.htk
-rwxrwxr-x 1 drspeech real 1884252 Feb  9 21:45 HVC822060.htk
-rwxrwxr-x 1 drspeech real  708492 Feb  9 21:45 HVC823377.htk
-rwxrwxr-x 1 drspeech real 1769532 Feb  9 21:45 HVC823657.htk
-rwxrwxr-x 1 drspeech real 1234572 Feb  9 21:45 HVC829585.htk
-rwxrwxr-x 1 drspeech real  104892 Feb  9 21:45 HVC834162.htk
-rwxrwxr-x 1 drspeech real 4585932 Feb  9 21:45 HVC836424.htk
-rwxrwxr-x 1 drspeech real 1347612 Feb  9 21:45 HVC846668.htk
-rwxrwxr-x 1 drspeech real 2261052 Feb  9 21:45 HVC878334.htk
-rwxrwxr-x 1 drspeech real 1086252 Feb  9 21:45 HVC881736.htk
-rwxrwxr-x 1 drspeech real 1020492 Feb  9 21:45 HVC883718.htk
-rwxrwxr-x 1 drspeech real 5198892 Feb  9 21:45 HVC887091.htk
-rwxrwxr-x 1 drspeech real 4864092 Feb  9 21:45 HVC888814.htk
-rwxrwxr-x 1 drspeech real 5128812 Feb  9 21:45 HVC891523.htk
